0 info it worked if it ends with ok
1 verbose cli [ '/usr/local/bin/node', '/usr/local/bin/npm', 'publish' ]
2 info using npm@2.14.12
3 info using node@v4.3.2
4 verbose publish [ '.' ]
5 silly cache add args [ '.', null ]
6 verbose cache add spec .
7 silly cache add parsed spec Result {
7 silly cache add   raw: '.',
7 silly cache add   scope: null,
7 silly cache add   name: null,
7 silly cache add   rawSpec: '.',
7 silly cache add   spec: '/Users/liubin/crypts',
7 silly cache add   type: 'directory' }
8 verbose addLocalDirectory /Users/liubin/.npm/crypts/1.0.2/package.tgz not in flight; packing
9 verbose tar pack [ '/Users/liubin/.npm/crypts/1.0.2/package.tgz',
9 verbose tar pack   '/Users/liubin/crypts' ]
10 verbose tarball /Users/liubin/.npm/crypts/1.0.2/package.tgz
11 verbose folder /Users/liubin/crypts
12 info prepublish crypts@1.0.2
13 verbose addLocalTarball adding from inside cache /Users/liubin/.npm/crypts/1.0.2/package.tgz
14 silly cache afterAdd crypts@1.0.2
15 verbose afterAdd /Users/liubin/.npm/crypts/1.0.2/package/package.json not in flight; writing
16 verbose afterAdd /Users/liubin/.npm/crypts/1.0.2/package/package.json written
17 silly publish { name: 'crypts',
17 silly publish   description: '集成一些常用的加密解密算法，如：base64、md5、sha1、sha256、crc32。',
17 silly publish   version: '1.0.2',
17 silly publish   author:
17 silly publish    { name: 'Spikef',
17 silly publish      email: 'Spikef@Foxmail.com',
17 silly publish      url: 'http://www.xybk.net' },
17 silly publish   license: 'MIT',
17 silly publish   homepage: 'https://github.com/Spikef/crypts',
17 silly publish   engines: { node: '>= 0.10.0', NodeAsp: '>= 0.0.1' },
17 silly publish   readme: '# crypts #\n\ncrypts模块集成一些常用的加密解密算法，包括：base64、md5、sha1、sha256、crc32、DES等。\n\n同时兼容NodeAsp和node。\n\n## 使用示例 ##\n\n代码示例:\n\n``` javascript\nvar path = require(\'path\');\nvar crypts = require(\'crypts\');\nvar plain = path.resolve(__dirname, \'test.txt\');\nvar image = path.resolve(__dirname, \'kiss.jpg\');\nvar image2 = path.resolve(__dirname, \'kiss2.jpg\');\n\nvar v = \'\';\nv = crypts.md5(\'Spikef\');\t\t\t\t    // md5加密\nconsole.log(v);\n// =>  2966c8436b567beffed63d6b56b15b0f\nv = crypts.sha1(\'Spikef\');\t\t\t        // sha1加密\nconsole.log(v);\n// =>  48959ac28700f58ee721b93539fd1bb18a101a3f\nv = crypts.sha256(\'Spikef\');\t\t\t    // sha256加密\nconsole.log(v);\n// =>  48959ac28700f58ee721b93539fd1bb18a101a3f\nv = crypts.crc32(image);\t\t\t        // 文件crc32加密\nconsole.log(v);\n// =>  43E2B211\nv = crypts.base64.encode(\'Spikef\');\t\t    // base64字符串加密\nconsole.log(v);\n// =>  U3Bpa2Vm\nv = crypts.base64.decode(\'U3Bpa2Vm\');\t    // base64字符串解密\n// => Spikef\nconsole.log(v);\nv = crypts.base64.enfile(plain);\t\t\t// 文件base64加密\nconsole.log(v);\n// => Kg==\nv = crypts.base64.enfile(image);\t\t\t// 文件base64加密\nv = crypts.base64.defile(v, image2);\t\t// 文件base64解密\n```',
17 silly publish   readmeFilename: 'README.md',
17 silly publish   _id: 'crypts@1.0.2',
17 silly publish   scripts: {},
17 silly publish   _shasum: '88764c586c02ceda80cf3b5099940677a7d65e2c',
17 silly publish   _from: '.',
17 silly publish   _resolved: 'file:node_modules/crypts',
17 silly publish   gitHead: 'ccf0d4c951871de2d91f0770c1bd1e546fec5ccc' }
18 verbose getPublishConfig undefined
19 silly mapToRegistry name crypts
20 silly mapToRegistry using default registry
21 silly mapToRegistry registry https://registry.npmjs.org/
22 silly mapToRegistry uri https://registry.npmjs.org/crypts
23 verbose publish registryBase https://registry.npmjs.org/
24 silly publish uploading /Users/liubin/.npm/crypts/1.0.2/package.tgz
25 verbose request uri https://registry.npmjs.org/crypts
26 verbose request sending authorization for write operation
27 info attempt registry request try #1 at 11:42:48
28 verbose request using bearer token for auth
29 verbose request id 97357d20946f31ad
30 http request PUT https://registry.npmjs.org/crypts
31 http 403 https://registry.npmjs.org/crypts
32 verbose headers { 'content-type': 'application/json',
32 verbose headers   'cache-control': 'max-age=300',
32 verbose headers   'content-length': '95',
32 verbose headers   'accept-ranges': 'bytes',
32 verbose headers   date: 'Tue, 17 May 2016 03:42:51 GMT',
32 verbose headers   via: '1.1 varnish',
32 verbose headers   connection: 'keep-alive',
32 verbose headers   'x-served-by': 'cache-itm7420-ITM',
32 verbose headers   'x-cache': 'MISS',
32 verbose headers   'x-cache-hits': '0',
32 verbose headers   'x-timer': 'S1463456570.954286,VS0,VE892',
32 verbose headers   vary: 'Accept-Encoding' }
33 verbose request invalidating /Users/liubin/.npm/registry.npmjs.org/crypts on PUT
34 error publish Failed PUT 403
35 verbose stack Error: "You cannot publish over the previously published version 1.0.2." : crypts
35 verbose stack     at makeError (/usr/local/lib/node_modules/npm/node_modules/npm-registry-client/lib/request.js:264:12)
35 verbose stack     at CachingRegistryClient.<anonymous> (/usr/local/lib/node_modules/npm/node_modules/npm-registry-client/lib/request.js:252:14)
35 verbose stack     at Request._callback (/usr/local/lib/node_modules/npm/node_modules/npm-registry-client/lib/request.js:172:14)
35 verbose stack     at Request.self.callback (/usr/local/lib/node_modules/npm/node_modules/request/request.js:198:22)
35 verbose stack     at emitTwo (events.js:87:13)
35 verbose stack     at Request.emit (events.js:172:7)
35 verbose stack     at Request.<anonymous> (/usr/local/lib/node_modules/npm/node_modules/request/request.js:1082:10)
35 verbose stack     at emitOne (events.js:82:20)
35 verbose stack     at Request.emit (events.js:169:7)
35 verbose stack     at IncomingMessage.<anonymous> (/usr/local/lib/node_modules/npm/node_modules/request/request.js:1009:12)
36 verbose statusCode 403
37 verbose pkgid crypts
38 verbose cwd /Users/liubin/crypts
39 error Darwin 15.4.0
40 error argv "/usr/local/bin/node" "/usr/local/bin/npm" "publish"
41 error node v4.3.2
42 error npm  v2.14.12
43 error code E403
44 error "You cannot publish over the previously published version 1.0.2." : crypts
45 error If you need help, you may report this error at:
45 error     <https://github.com/npm/npm/issues>
46 verbose exit [ 1, true ]
